Warning: You are sending unauthenticated requests to the HF Hub. Please set a HF_TOKEN to enable higher rate limits and faster downloads.
held-out forms (15): dried, dug, fed, flies, fought, gotten, laid, lives, men, mice, paid, rang, rode, spun, swung

train 58000, clean-eval 2000, held-out-form test 3000

vocab: 12018 words, 7671 roots, 24 slots
held-out words addressable: 15/15

training words: 9,989,185   (held-out forms appear 0 times)

masking 15 held-out words out of the training softmax (so they are never negatives either)

--- free-word baseline ---
    15.4M params
    step     0 loss 9.487
    step   500 loss 6.048
    step  1000 loss 5.974
    step  1500 loss 5.257
    step  2000 loss 4.842
    step  2500 loss 4.776
    step  3000 loss 4.581
    step  3500 loss 4.452

[free-word baseline] minimal-pair probe (root is in the prompt)
   gold       rank among slot-matched   top1   top-3 predictions
   mice                            19          friends, animals, birds
   men                             15          friends, birds, animals
   rang                            21          was, saw, went
   fed                             21          was, saw, went
   dug                             21          said, had, wanted
   swung                           21          was, saw, went
   rode                            21          was, saw, felt
   spun                            21          had, started, said
   fought                          18          had, said, played
   paid                            21          had, said, asked
   MEAN                          19.9   top1 0/10  MRR 0.051
--- factored (operators as maps) ---
    17.2M params
    step     0 loss 9.488
    step   500 loss 6.050
    step  1000 loss 5.018
    step  1500 loss 4.810
    step  2000 loss 4.359
    step  2500 loss 4.245
    step  3000 loss 4.041
    step  3500 loss 3.881

[factored (operators as maps)] minimal-pair probe (root is in the prompt)
   gold       rank among slot-matched   top1   top-3 predictions
   mice                            15          friends, things, animals
   men                             16          friends, things, animals
   rang                            21          was, saw, did
   fed                             20          was, saw, felt
   dug                             18          said, started, had
   swung                           20          was, saw, did
   rode                            20          was, saw, went
   spun                            17          started, had, said
   fought                          17          had, heard, wanted
   paid                            17          heard, said, had
   MEAN                          18.1   top1 0/10  MRR 0.056

========================================================================
model                               top-1      MRR   mean rank
------------------------------------------------------------------------
free-word baseline                   0.00    0.051        19.9
factored (operators as maps)         0.00    0.056        18.1

chance: top-1 = 1/21 = 0.048, mean rank 11
