Warning: You are sending unauthenticated requests to the HF Hub. Please set a HF_TOKEN to enable higher rate limits and faster downloads.
ru: 3450 train / 400 eval sents, 160,604 word-tokens (0.390x bpe)
  vocab 16,001  lemmas 11,133  operators 128  (pruned from raw feature bundles at MIN_OP=25)
  seed 0 bpe       bits/char 5.3310
  seed 0 free      bits/char 5.6095
  seed 0 affine    bits/char 5.2195
  seed 0 shufroot  bits/char 5.2263
  seed 1 bpe       bits/char 5.3252
  seed 1 free      bits/char 5.9716
  seed 1 affine    bits/char 5.4066
  seed 1 shufroot  bits/char 5.3721
  seed 2 bpe       bits/char 5.2974
  seed 2 free      bits/char 5.5877
  seed 2 affine    bits/char 5.2870
  seed 2 shufroot  bits/char 5.3630

==================================================================
  bpe       5.3179 +- 0.0180
  free      5.7229 +- 0.2156
  affine    5.3043 +- 0.0948
  shufroot  5.3204 +- 0.0817

  free-bpe    +0.4050   (tokenizer)
  affine-free -0.4186   (morphological prior)
  affine-shuf -0.0161   (vs null)

  English reference (10k para): affine-free -0.011, affine-shuf -0.007
