Warning: You are sending unauthenticated requests to the HF Hub. Please set a HF_TOKEN to enable higher rate limits and faster downloads.

--- 10,000 paragraphs --- word tokens 1,884,271
  v6 graph: 8 slots, roots 12,291, maxdepth 2
  v3 graph: 66 slots, roots 10,096, maxdepth 4
  seed 0 free       bits/char 2.0220
  seed 0 infl       bits/char 2.0247
  seed 0 deriv-tr   bits/char 2.0449
  seed 0 deriv-aff  bits/char 2.0234
  seed 0 shufroot   bits/char 2.0272
  seed 1 free       bits/char 2.0314
  seed 1 infl       bits/char 2.0214
  seed 1 deriv-tr   bits/char 2.0416
  seed 1 deriv-aff  bits/char 2.0226
  seed 1 shufroot   bits/char 2.0333
  seed 2 free       bits/char 2.0211
  seed 2 infl       bits/char 2.0146
  seed 2 deriv-tr   bits/char 2.0456
  seed 2 deriv-aff  bits/char 2.0104
  seed 2 shufroot   bits/char 2.0247

--- 40,000 paragraphs --- word tokens 8,127,105
  v6 graph: 8 slots, roots 12,177, maxdepth 2
  v3 graph: 66 slots, roots 9,923, maxdepth 4
  seed 0 free       bits/char 1.7283
  seed 0 infl       bits/char 1.7257
  seed 0 deriv-tr   bits/char 1.7659
  seed 0 deriv-aff  bits/char 1.7119
  seed 0 shufroot   bits/char 1.7391
  seed 1 free       bits/char 1.7358
  seed 1 infl       bits/char 1.7155
  seed 1 deriv-tr   bits/char 1.7373
  seed 1 deriv-aff  bits/char 1.7167
  seed 1 shufroot   bits/char 1.7448
  seed 2 free       bits/char 1.7172
  seed 2 infl       bits/char 1.7020
  seed 2 deriv-tr   bits/char 1.7491
  seed 2 deriv-aff  bits/char 1.7131
  seed 2 shufroot   bits/char 1.7495

==============================================================================================
paragraphs          free        infl    deriv-tr   deriv-aff    shufroot   aff-infl   aff-tr   aff-shuf
----------------------------------------------------------------------------------------------
10,000            2.0249      2.0202      2.0440      2.0188      2.0284    -0.0014  -0.0252    -0.0096
40,000            1.7271      1.7144      1.7508      1.7139      1.7444    -0.0005  -0.0369    -0.0305

aff-infl : does derivation pay once free of token cost? (negative = yes)
aff-tr   : does derivation need the MATRIX? (atlas predicts yes => negative)
aff-shuf : morphology, or a low-rank reparameterisation? (the null)
