Warning: You are sending unauthenticated requests to the HF Hub. Please set a HF_TOKEN to enable higher rate limits and faster downloads.
bpe      tokens 35,661,203  1.000x
lex-v6   tokens 36,397,694  1.021x
  L6 seed 0 bpe      bits/char 1.9466
  L6 seed 0 lex-v6   bits/char 1.8385
  L6 seed 1 bpe      bits/char 1.9639
  L6 seed 1 lex-v6   bits/char 1.8103
  L8 seed 0 bpe      bits/char 1.8510
  L8 seed 0 lex-v6   bits/char 1.7238
  L8 seed 1 bpe      bits/char 1.8586
  L8 seed 1 lex-v6   bits/char 1.7363

======================================================================
trunk     params      bpe    lex-v6    delta
L6        10.65M   1.9553    1.8244  -0.1309
L8        25.22M   1.8548    1.7301  -0.1247

bpe slope: 0.1005 bits/char for 2.37x params => 0.0808 bits per DOUBLING of trunk params
  (old, <unk>-contaminated slope was 0.0602)
  L6: gain 0.1309 = 3.07x params, token cost 1.021x  => compute-equivalent 3.01x
  L8: gain 0.1247 = 2.92x params, token cost 1.021x  => compute-equivalent 2.86x

lex-v6 at L6 (10.6M) vs bpe at L8 (25.2M): 1.8244 vs 1.8548
